2026-03-21 18:15:42,754 [INFO] ============================================================
2026-03-21 18:15:42,754 [INFO] AUTO-POLL STARTED
2026-03-21 18:15:42,754 [INFO]   Monitoring R16=8f664aed
2026-03-21 18:15:42,754 [INFO]   Poll interval: 60s
2026-03-21 18:15:42,754 [INFO]   Will NOT submit — human approval required
2026-03-21 18:15:42,754 [INFO] ============================================================
2026-03-21 18:15:43,220 [INFO] [17:15:42 UTC] R16 still active...
2026-03-21 18:16:43,839 [INFO] [17:16:43 UTC] R16 still active...
2026-03-21 18:17:44,682 [INFO] [17:17:43 UTC] R16 still active...
2026-03-21 18:18:45,325 [INFO] [17:18:44 UTC] R16 still active...
2026-03-21 18:19:46,241 [INFO] [17:19:45 UTC] R16 still active...
2026-03-21 18:20:47,219 [INFO] [17:20:46 UTC] R16 still active...
2026-03-21 18:21:48,171 [INFO] [17:21:47 UTC] R16 still active...
2026-03-21 18:22:49,044 [INFO] [17:22:48 UTC] R16 still active...
2026-03-21 18:23:49,925 [INFO] [17:23:49 UTC] R16 still active...
2026-03-21 18:24:51,732 [INFO] [17:24:49 UTC] R16 still active...
2026-03-21 18:25:52,643 [INFO] [17:25:51 UTC] R16 still active...
2026-03-21 18:26:53,879 [INFO] [17:26:52 UTC] R16 still active...
2026-03-21 18:27:54,465 [INFO] [17:27:53 UTC] R16 still active...
2026-03-21 18:28:56,858 [INFO] [17:28:54 UTC] R16 still active...
2026-03-21 18:29:57,976 [INFO] [17:29:56 UTC] R16 still active...
2026-03-21 18:31:00,488 [INFO] [17:30:57 UTC] R16 still active...
2026-03-21 18:32:01,937 [INFO] [17:32:00 UTC] R16 still active...
2026-03-21 18:33:02,983 [INFO] [17:33:01 UTC] R16 still active...
2026-03-21 18:34:05,808 [INFO] [17:34:02 UTC] R16 still active...
2026-03-21 18:35:07,286 [INFO] [17:35:05 UTC] R16 still active...
2026-03-21 18:36:08,711 [INFO] [17:36:07 UTC] R16 still active...
2026-03-21 18:37:11,805 [INFO] [17:37:08 UTC] R16 still active...
2026-03-21 18:38:12,499 [INFO] [17:38:11 UTC] R16 still active...
2026-03-21 18:39:14,157 [INFO] [17:39:12 UTC] R16 still active...
2026-03-21 18:40:14,874 [INFO] [17:40:14 UTC] R16 still active...
2026-03-21 18:41:15,931 [INFO] [17:41:14 UTC] R16 still active...
2026-03-21 18:42:16,955 [INFO] [17:42:15 UTC] R16 still active...
2026-03-21 18:43:17,951 [INFO] [17:43:16 UTC] R16 still active...
2026-03-21 18:44:18,393 [INFO] [17:44:17 UTC] R16 still active...
2026-03-21 18:45:20,092 [INFO] [17:45:18 UTC] R16 still active...
2026-03-21 18:46:21,394 [INFO] [17:46:20 UTC] R16 still active...
2026-03-21 18:47:23,418 [INFO] [17:47:21 UTC] R16 still active...
2026-03-21 18:48:24,877 [INFO] [17:48:23 UTC] R16 still active...
2026-03-21 18:49:25,582 [INFO] [17:49:24 UTC] R16 still active...
2026-03-21 18:50:27,793 [INFO] [17:50:25 UTC] R16 still active...
2026-03-21 18:51:29,779 [INFO] [17:51:27 UTC] R16 still active...
2026-03-21 18:52:36,096 [INFO] *** R16 COMPLETED! Score: 71.5116 ***
2026-03-21 18:52:36,096 [INFO] Downloading GT for 8f664aed...
2026-03-21 18:52:38,100 [INFO]   Seed 0: saved
2026-03-21 18:52:38,819 [INFO]   Seed 1: saved
2026-03-21 18:52:39,383 [INFO]   Seed 2: saved
2026-03-21 18:52:40,286 [INFO]   Seed 3: saved
2026-03-21 18:52:41,239 [INFO]   Seed 4: saved
2026-03-21 18:52:41,240 [INFO] Starting model retraining on R1-R16...
2026-03-21 18:52:41,240 [INFO] Retraining GBM+MLP...
2026-03-21 18:58:21,894 [INFO]   GBM+MLP OK. Key output:
2026-03-21 18:58:21,894 [INFO]     LOO avg MSE: before=0.000157, after=0.013602, change=+0.013445
2026-03-21 18:58:21,894 [INFO] Retraining U-Net...
2026-03-21 19:08:22,228 [ERROR]   U-Net TIMEOUT (600s)
2026-03-21 19:08:22,231 [INFO] Retraining M5 temps...
2026-03-21 19:12:38,548 [INFO]   M5 temps OK. Key output:
2026-03-21 19:12:38,548 [INFO]     LORO avg: base=83.92  cal=83.56  delta=-0.37
2026-03-21 19:12:38,548 [INFO]     Saved calibrators to data\entropy_calibrators.pkl
2026-03-21 19:12:38,548 [WARNING] Retraining had errors — continuing anyway
2026-03-21 19:12:39,781 [INFO] *** NEW ROUND DETECTED: R17 (3eb0c25d) ***
2026-03-21 19:12:40,563 [INFO] Round 3eb0c25d | 40x40, 5 seeds
2026-03-21 19:12:40,563 [INFO]   Seed 0: 57 sett, 1 ports, 0 forest
2026-03-21 19:12:40,563 [INFO]   Seed 1: 56 sett, 2 ports, 0 forest
2026-03-21 19:12:40,567 [INFO]   Seed 2: 52 sett, 2 ports, 0 forest
2026-03-21 19:12:40,567 [INFO]   Seed 3: 57 sett, 2 ports, 0 forest
2026-03-21 19:12:40,567 [INFO]   Seed 4: 47 sett, 4 ports, 0 forest
2026-03-21 19:12:41,333 [INFO] Budget: 0/50
2026-03-21 19:12:41,333 [INFO] Querying 5 seeds (9 viewports each)...
2026-03-21 19:12:59,265 [INFO]   Seed 0: grid done
2026-03-21 19:13:27,447 [INFO]   Seed 1: grid done
2026-03-21 19:13:47,099 [INFO]   Seed 2: grid done
2026-03-21 19:14:05,393 [INFO]   Seed 3: grid done
2026-03-21 19:14:24,338 [INFO]   Seed 4: grid done
2026-03-21 19:14:35,513 [INFO]   Extra: 5 queries on seed 3
2026-03-21 19:14:36,858 [INFO] Final: 50/50 queries used
2026-03-21 19:14:38,017 [INFO] Transition diagnostics:
2026-03-21 19:14:38,017 [INFO]        Empty -> Empty:-14.3%, Settlement:+11.8%
2026-03-21 19:14:38,017 [INFO]   Settlement -> Empty:-8.7%, Settlement:+13.0%, Forest:-4.9%
2026-03-21 19:14:38,017 [INFO]         Port -> Empty:+2.3%, Settlement:-6.6%, Port:+8.1%, Forest:-2.2%
2026-03-21 19:14:38,017 [INFO]       Forest -> Settlement:+15.6%, Forest:-19.1%
2026-03-21 19:14:38,017 [INFO]   Activity: 14.26%, S->S: 0.448 (hist 0.318)
2026-03-21 19:14:38,017 [INFO] ============================================================
2026-03-21 19:14:38,017 [INFO] *** R17 QUERIES DONE — READY FOR SUBMISSION ***
2026-03-21 19:14:38,017 [INFO] *** Round ID: 3eb0c25d-28fa-48ca-b8e1-fc249e3918e9 ***
2026-03-21 19:14:38,017 [INFO] *** Run: python -m astar.submit <round_id> ***
2026-03-21 19:14:38,017 [INFO] *** WAITING FOR HUMAN APPROVAL — NOT SUBMITTING ***
2026-03-21 19:14:38,017 [INFO] ============================================================
2026-03-21 19:14:38,017 [INFO] Auto-poll finished. All automated steps complete.
2026-03-21 19:14:38,017 [INFO] R16 score: 71.5116
2026-03-21 19:14:38,017 [INFO] R17 round_id: 3eb0c25d-28fa-48ca-b8e1-fc249e3918e9
2026-03-21 19:14:38,017 [INFO] Observations stored. Submit when ready:
2026-03-21 19:14:38,017 [INFO]   python -m astar.submit 3eb0c25d-28fa-48ca-b8e1-fc249e3918e9
